0 info it worked if it ends with ok
1 verbose cli [ 'C:\\program files\\nodejs\\node.exe',
1 verbose cli   'C:\\program files\\nodejs\\node_modules\\npm\\bin\\npm-cli.js',
1 verbose cli   'run',
1 verbose cli   'test' ]
2 info using npm@3.8.6
3 info using node@v6.1.0
4 verbose run-script [ 'pretest', 'test', 'posttest' ]
5 info lifecycle counter-timer@1.0.0~pretest: counter-timer@1.0.0
6 silly lifecycle counter-timer@1.0.0~pretest: no script for pretest, continuing
7 info lifecycle counter-timer@1.0.0~test: counter-timer@1.0.0
8 verbose lifecycle counter-timer@1.0.0~test: unsafe-perm in lifecycle true
9 verbose lifecycle counter-timer@1.0.0~test: PATH: C:\Program Files\nodejs\node_modules\npm\bin\node-gyp-bin;C:\Users\Admin\Documents\react-course\todo\node_modules\.bin;C:\program files\nodejs;C:\Users\Admin\bin;C:\Program Files (x86)\Git\mingw32\bin;C:\Program Files (x86)\Git\usr\local\bin;C:\Program Files (x86)\Git\usr\bin;C:\Program Files (x86)\Git\usr\bin;C:\Program Files (x86)\Git\mingw32\bin;C:\Program Files (x86)\Git\usr\bin;C:\Users\Admin\bin;C:\program files (x86)\intel\icls client;C:\program files\intel\icls client;C:\windows\system32;C:\windows;C:\windows\system32\wbem;C:\windows\system32\windowspowershell\v1.0;C:\program files (x86)\intel\intel(r) management engine components\dal;C:\program files\intel\intel(r) management engine components\dal;C:\program files (x86)\intel\intel(r) management engine components\ipt;C:\program files\intel\intel(r) management engine components\ipt;C:\program files (x86)\gtksharp\2.12\bin;C:\program files\nodejs;C:\program files\git\cmd;C:\program files (x86)\heroku\bin;C:\program files (x86)\git\cmd;C:\program files (x86)\git\cmd;C:\program files (x86)\heroku\ruby-2.1.7\bin;C:\Program Files (x86)\NVIDIA Corporation\PhysX\Common;C:\Users\Admin\AppData\Roaming\npm;C:\Users\Admin\AppData\Local\atom\bin;C:\Program Files (x86)\Heroku\ruby-2.1.7\bin;C:\Program Files (x86)\Heroku\bin;C:\Program Files (x86)\Git\usr\bin\vendor_perl;C:\Program Files (x86)\Git\usr\bin\core_perl
10 verbose lifecycle counter-timer@1.0.0~test: CWD: C:\Users\Admin\Documents\react-course\todo
11 silly lifecycle counter-timer@1.0.0~test: Args: [ '/d /s /c', 'NODE_ENV=test karma start' ]
12 silly lifecycle counter-timer@1.0.0~test: Returned: code: 1  signal: null
13 info lifecycle counter-timer@1.0.0~test: Failed to exec test script
14 verbose stack Error: counter-timer@1.0.0 test: `NODE_ENV=test karma start`
14 verbose stack Exit status 1
14 verbose stack     at EventEmitter.<anonymous> (C:\Program Files\nodejs\node_modules\npm\lib\utils\lifecycle.js:239:16)
14 verbose stack     at emitTwo (events.js:106:13)
14 verbose stack     at EventEmitter.emit (events.js:191:7)
14 verbose stack     at ChildProcess.<anonymous> (C:\Program Files\nodejs\node_modules\npm\lib\utils\spawn.js:24:14)
14 verbose stack     at emitTwo (events.js:106:13)
14 verbose stack     at ChildProcess.emit (events.js:191:7)
14 verbose stack     at maybeClose (internal/child_process.js:850:16)
14 verbose stack     at Process.ChildProcess._handle.onexit (internal/child_process.js:215:5)
15 verbose pkgid counter-timer@1.0.0
16 verbose cwd C:\Users\Admin\Documents\react-course\todo
17 error Windows_NT 10.0.10586
18 error argv "C:\\program files\\nodejs\\node.exe" "C:\\program files\\nodejs\\node_modules\\npm\\bin\\npm-cli.js" "run" "test"
19 error node v6.1.0
20 error npm  v3.8.6
21 error code ELIFECYCLE
22 error counter-timer@1.0.0 test: `NODE_ENV=test karma start`
22 error Exit status 1
23 error Failed at the counter-timer@1.0.0 test script 'NODE_ENV=test karma start'.
23 error Make sure you have the latest version of node.js and npm installed.
23 error If you do, this is most likely a problem with the counter-timer package,
23 error not with npm itself.
23 error Tell the author that this fails on your system:
23 error     NODE_ENV=test karma start
23 error You can get information on how to open an issue for this project with:
23 error     npm bugs counter-timer
23 error Or if that isn't available, you can get their info via:
23 error     npm owner ls counter-timer
23 error There is likely additional logging output above.
24 verbose exit [ 1, true ]
